{"/Users/bhaveshchauhan/Developer/solulab_assignment/src/app.controller.ts": {"path":"/Users/bhaveshchauhan/Developer/solulab_assignment/src/app.controller.ts","statementMap":{"0":{"start":{"line":1,"column":0},"end":{"line":1,"column":49}},"1":{"start":{"line":2,"column":0},"end":{"line":2,"column":43}},"2":{"start":{"line":5,"column":7},"end":{"line":12,"column":null}},"3":{"start":{"line":6,"column":31},"end":{"line":6,"column":43}},"4":{"start":{"line":10,"column":4},"end":{"line":10,"column":38}},"5":{"start":{"line":5,"column":13},"end":{"line":5,"column":26}},"6":{"start":{"line":9,"column":2},"end":{"line":11,"column":null}},"7":{"start":{"line":5,"column":13},"end":{"line":12,"column":null}}},"fnMap":{"0":{"name":"(anonymous_2)","decl":{"start":{"line":6,"column":2},"end":{"line":6,"column":31}},"loc":{"start":{"line":6,"column":53},"end":{"line":6,"column":57}}},"1":{"name":"(anonymous_3)","decl":{"start":{"line":9,"column":2},"end":{"line":9,"column":10}},"loc":{"start":{"line":9,"column":10},"end":{"line":11,"column":3}}}},"branchMap":{"0":{"loc":{"start":{"line":6,"column":43},"end":{"line":6,"column":56}},"type":"cond-expr","locations":[{"start":{"line":6,"column":53},"end":{"line":6,"column":56}},{"start":{"line":6,"column":53},"end":{"line":6,"column":56}}]},"1":{"loc":{"start":{"line":6,"column":43},"end":{"line":6,"column":53}},"type":"binary-expr","locations":[{"start":{"line":6,"column":43},"end":{"line":6,"column":56}},{"start":{"line":6,"column":43},"end":{"line":6,"column":53}}]}},"s":{"0":1,"1":1,"2":1,"3":1,"4":1,"5":1,"6":1,"7":1},"f":{"0":1,"1":1},"b":{"0":[1,0],"1":[1,1]}}
,"/Users/bhaveshchauhan/Developer/solulab_assignment/src/app.module.ts": {"path":"/Users/bhaveshchauhan/Developer/solulab_assignment/src/app.module.ts","statementMap":{"0":{"start":{"line":1,"column":0},"end":{"line":1,"column":40}},"1":{"start":{"line":2,"column":0},"end":{"line":2,"column":48}},"2":{"start":{"line":3,"column":0},"end":{"line":3,"column":61}},"3":{"start":{"line":4,"column":0},"end":{"line":4,"column":44}},"4":{"start":{"line":5,"column":0},"end":{"line":5,"column":43}},"5":{"start":{"line":6,"column":0},"end":{"line":6,"column":39}},"6":{"start":{"line":7,"column":0},"end":{"line":7,"column":36}},"7":{"start":{"line":8,"column":0},"end":{"line":8,"column":49}},"8":{"start":{"line":9,"column":0},"end":{"line":9,"column":43}},"9":{"start":{"line":10,"column":0},"end":{"line":10,"column":51}},"10":{"start":{"line":11,"column":0},"end":{"line":11,"column":48}},"11":{"start":{"line":12,"column":0},"end":{"line":12,"column":51}},"12":{"start":{"line":13,"column":0},"end":{"line":13,"column":72}},"13":{"start":{"line":14,"column":0},"end":{"line":14,"column":62}},"14":{"start":{"line":15,"column":0},"end":{"line":15,"column":60}},"15":{"start":{"line":16,"column":0},"end":{"line":16,"column":68}},"16":{"start":{"line":17,"column":0},"end":{"line":17,"column":78}},"17":{"start":{"line":18,"column":0},"end":{"line":18,"column":41}},"18":{"start":{"line":19,"column":0},"end":{"line":19,"column":63}},"19":{"start":{"line":101,"column":7},"end":{"line":101,"column":null}},"20":{"start":{"line":101,"column":13},"end":{"line":101,"column":22}},"21":{"start":{"line":101,"column":13},"end":{"line":101,"column":null}},"22":{"start":{"line":34,"column":46},"end":{"line":40,"column":8}},"23":{"start":{"line":47,"column":35},"end":{"line":47,"column":78}},"24":{"start":{"line":54,"column":8},"end":{"line":64,"column":10}},"25":{"start":{"line":56,"column":40},"end":{"line":58,"column":14}},"26":{"start":{"line":69,"column":53},"end":{"line":78,"column":8}},"27":{"start":{"line":83,"column":53},"end":{"line":88,"column":8}}},"fnMap":{"0":{"name":"(anonymous_1)","decl":{"start":{"line":34,"column":18},"end":{"line":34,"column":19}},"loc":{"start":{"line":34,"column":46},"end":{"line":40,"column":8}}},"1":{"name":"(anonymous_2)","decl":{"start":{"line":47,"column":21},"end":{"line":47,"column":22}},"loc":{"start":{"line":47,"column":35},"end":{"line":47,"column":78}}},"2":{"name":"(anonymous_3)","decl":{"start":{"line":53,"column":18},"end":{"line":53,"column":21}},"loc":{"start":{"line":53,"column":23},"end":{"line":65,"column":7}}},"3":{"name":"(anonymous_4)","decl":{"start":{"line":56,"column":25},"end":{"line":56,"column":26}},"loc":{"start":{"line":56,"column":40},"end":{"line":58,"column":14}}},"4":{"name":"(anonymous_5)","decl":{"start":{"line":69,"column":18},"end":{"line":69,"column":19}},"loc":{"start":{"line":69,"column":53},"end":{"line":78,"column":8}}},"5":{"name":"(anonymous_6)","decl":{"start":{"line":83,"column":18},"end":{"line":83,"column":19}},"loc":{"start":{"line":83,"column":53},"end":{"line":88,"column":8}}}},"branchMap":{"0":{"loc":{"start":{"line":47,"column":35},"end":{"line":47,"column":78}},"type":"binary-expr","locations":[{"start":{"line":47,"column":35},"end":{"line":47,"column":66}},{"start":{"line":47,"column":70},"end":{"line":47,"column":78}}]}},"s":{"0":0,"1":0,"2":0,"3":0,"4":0,"5":0,"6":0,"7":0,"8":0,"9":0,"10":0,"11":0,"12":0,"13":0,"14":0,"15":0,"16":0,"17":0,"18":0,"19":0,"20":0,"21":0,"22":0,"23":0,"24":0,"25":0,"26":0,"27":0},"f":{"0":0,"1":0,"2":0,"3":0,"4":0,"5":0},"b":{"0":[0,0]}}
,"/Users/bhaveshchauhan/Developer/solulab_assignment/src/app.service.ts": {"path":"/Users/bhaveshchauhan/Developer/solulab_assignment/src/app.service.ts","statementMap":{"0":{"start":{"line":1,"column":0},"end":{"line":1,"column":44}},"1":{"start":{"line":4,"column":7},"end":{"line":8,"column":null}},"2":{"start":{"line":6,"column":4},"end":{"line":6,"column":26}},"3":{"start":{"line":4,"column":13},"end":{"line":4,"column":23}},"4":{"start":{"line":4,"column":13},"end":{"line":8,"column":null}}},"fnMap":{"0":{"name":"(anonymous_1)","decl":{"start":{"line":5,"column":2},"end":{"line":5,"column":10}},"loc":{"start":{"line":5,"column":10},"end":{"line":7,"column":3}}}},"branchMap":{},"s":{"0":1,"1":1,"2":1,"3":1,"4":1},"f":{"0":1},"b":{}}
,"/Users/bhaveshchauhan/Developer/solulab_assignment/src/main.ts": {"path":"/Users/bhaveshchauhan/Developer/solulab_assignment/src/main.ts","statementMap":{"0":{"start":{"line":1,"column":0},"end":{"line":1,"column":43}},"1":{"start":{"line":2,"column":0},"end":{"line":2,"column":48}},"2":{"start":{"line":3,"column":0},"end":{"line":3,"column":61}},"3":{"start":{"line":4,"column":0},"end":{"line":4,"column":65}},"4":{"start":{"line":5,"column":0},"end":{"line":5,"column":41}},"5":{"start":{"line":8,"column":14},"end":{"line":8,"column":71}},"6":{"start":{"line":11,"column":2},"end":{"line":11,"column":33}},"7":{"start":{"line":12,"column":2},"end":{"line":12,"column":58}},"8":{"start":{"line":15,"column":2},"end":{"line":21,"column":4}},"9":{"start":{"line":24,"column":17},"end":{"line":29,"column":12}},"10":{"start":{"line":30,"column":19},"end":{"line":30,"column":60}},"11":{"start":{"line":31,"column":2},"end":{"line":31,"column":44}},"12":{"start":{"line":33,"column":2},"end":{"line":33,"column":45}},"13":{"start":{"line":35,"column":0},"end":{"line":35,"column":12}}},"fnMap":{"0":{"name":"bootstrap","decl":{"start":{"line":7,"column":15},"end":{"line":7,"column":24}},"loc":{"start":{"line":7,"column":24},"end":{"line":34,"column":1}}}},"branchMap":{"0":{"loc":{"start":{"line":33,"column":19},"end":{"line":33,"column":43}},"type":"binary-expr","locations":[{"start":{"line":33,"column":19},"end":{"line":33,"column":35}},{"start":{"line":33,"column":39},"end":{"line":33,"column":43}}]}},"s":{"0":0,"1":0,"2":0,"3":0,"4":0,"5":0,"6":0,"7":0,"8":0,"9":0,"10":0,"11":0,"12":0,"13":0},"f":{"0":0},"b":{"0":[0,0]}}
,"/Users/bhaveshchauhan/Developer/solulab_assignment/src/auth/auth.controller.ts": {"path":"/Users/bhaveshchauhan/Developer/solulab_assignment/src/auth/auth.controller.ts","statementMap":{"0":{"start":{"line":1,"column":0},"end":{"line":1,"column":78}},"1":{"start":{"line":2,"column":0},"end":{"line":2,"column":45}},"2":{"start":{"line":3,"column":0},"end":{"line":3,"column":49}},"3":{"start":{"line":4,"column":0},"end":{"line":4,"column":43}},"4":{"start":{"line":7,"column":7},"end":{"line":20,"column":null}},"5":{"start":{"line":8,"column":22},"end":{"line":8,"column":35}},"6":{"start":{"line":12,"column":4},"end":{"line":12,"column":50}},"7":{"start":{"line":18,"column":4},"end":{"line":18,"column":44}},"8":{"start":{"line":7,"column":13},"end":{"line":7,"column":27}},"9":{"start":{"line":11,"column":2},"end":{"line":13,"column":null}},"10":{"start":{"line":17,"column":2},"end":{"line":19,"column":null}},"11":{"start":{"line":7,"column":13},"end":{"line":20,"column":null}}},"fnMap":{"0":{"name":"(anonymous_4)","decl":{"start":{"line":8,"column":2},"end":{"line":8,"column":22}},"loc":{"start":{"line":8,"column":46},"end":{"line":8,"column":50}}},"1":{"name":"(anonymous_5)","decl":{"start":{"line":11,"column":2},"end":{"line":11,"column":10}},"loc":{"start":{"line":11,"column":43},"end":{"line":13,"column":3}}},"2":{"name":"(anonymous_6)","decl":{"start":{"line":17,"column":2},"end":{"line":17,"column":7}},"loc":{"start":{"line":17,"column":34},"end":{"line":19,"column":3}}}},"branchMap":{"0":{"loc":{"start":{"line":11,"column":32},"end":{"line":11,"column":null}},"type":"cond-expr","locations":[{"start":{"line":11,"column":43},"end":{"line":11,"column":null}},{"start":{"line":11,"column":43},"end":{"line":11,"column":null}}]},"1":{"loc":{"start":{"line":11,"column":32},"end":{"line":11,"column":43}},"type":"binary-expr","locations":[{"start":{"line":11,"column":32},"end":{"line":11,"column":null}},{"start":{"line":11,"column":32},"end":{"line":11,"column":43}}]},"2":{"loc":{"start":{"line":17,"column":26},"end":{"line":17,"column":null}},"type":"cond-expr","locations":[{"start":{"line":17,"column":34},"end":{"line":17,"column":null}},{"start":{"line":17,"column":34},"end":{"line":17,"column":null}}]},"3":{"loc":{"start":{"line":17,"column":26},"end":{"line":17,"column":34}},"type":"binary-expr","locations":[{"start":{"line":17,"column":26},"end":{"line":17,"column":null}},{"start":{"line":17,"column":26},"end":{"line":17,"column":34}}]},"4":{"loc":{"start":{"line":8,"column":35},"end":{"line":8,"column":49}},"type":"cond-expr","locations":[{"start":{"line":8,"column":46},"end":{"line":8,"column":49}},{"start":{"line":8,"column":46},"end":{"line":8,"column":49}}]},"5":{"loc":{"start":{"line":8,"column":35},"end":{"line":8,"column":46}},"type":"binary-expr","locations":[{"start":{"line":8,"column":35},"end":{"line":8,"column":49}},{"start":{"line":8,"column":35},"end":{"line":8,"column":46}}]}},"s":{"0":0,"1":0,"2":0,"3":0,"4":0,"5":0,"6":0,"7":0,"8":0,"9":0,"10":0,"11":0},"f":{"0":0,"1":0,"2":0},"b":{"0":[0,0],"1":[0,0],"2":[0,0],"3":[0,0],"4":[0,0],"5":[0,0]}}
,"/Users/bhaveshchauhan/Developer/solulab_assignment/src/auth/auth.module.ts": {"path":"/Users/bhaveshchauhan/Developer/solulab_assignment/src/auth/auth.module.ts","statementMap":{"0":{"start":{"line":1,"column":0},"end":{"line":1,"column":40}},"1":{"start":{"line":2,"column":0},"end":{"line":2,"column":40}},"2":{"start":{"line":3,"column":0},"end":{"line":3,"column":50}},"3":{"start":{"line":4,"column":0},"end":{"line":4,"column":61}},"4":{"start":{"line":5,"column":0},"end":{"line":5,"column":45}},"5":{"start":{"line":6,"column":0},"end":{"line":6,"column":51}},"6":{"start":{"line":7,"column":0},"end":{"line":7,"column":52}},"7":{"start":{"line":8,"column":0},"end":{"line":8,"column":56}},"8":{"start":{"line":26,"column":7},"end":{"line":26,"column":null}},"9":{"start":{"line":26,"column":13},"end":{"line":26,"column":23}},"10":{"start":{"line":26,"column":13},"end":{"line":26,"column":null}},"11":{"start":{"line":16,"column":59},"end":{"line":19,"column":8}}},"fnMap":{"0":{"name":"(anonymous_1)","decl":{"start":{"line":16,"column":18},"end":{"line":16,"column":23}},"loc":{"start":{"line":16,"column":59},"end":{"line":19,"column":8}}}},"branchMap":{},"s":{"0":0,"1":0,"2":0,"3":0,"4":0,"5":0,"6":0,"7":0,"8":0,"9":0,"10":0,"11":0},"f":{"0":0},"b":{}}
,"/Users/bhaveshchauhan/Developer/solulab_assignment/src/auth/auth.service.ts": {"path":"/Users/bhaveshchauhan/Developer/solulab_assignment/src/auth/auth.service.ts","statementMap":{"0":{"start":{"line":1,"column":0},"end":{"line":1,"column":67}},"1":{"start":{"line":2,"column":0},"end":{"line":2,"column":41}},"2":{"start":{"line":3,"column":0},"end":{"line":3,"column":54}},"3":{"start":{"line":4,"column":0},"end":{"line":4,"column":33}},"4":{"start":{"line":9,"column":7},"end":{"line":42,"column":null}},"5":{"start":{"line":11,"column":12},"end":{"line":11,"column":26}},"6":{"start":{"line":12,"column":12},"end":{"line":12,"column":24}},"7":{"start":{"line":16,"column":17},"end":{"line":16,"column":41}},"8":{"start":{"line":17,"column":17},"end":{"line":17,"column":54}},"9":{"start":{"line":18,"column":17},"end":{"line":18,"column":64}},"10":{"start":{"line":20,"column":20},"end":{"line":20,"column":55}},"11":{"start":{"line":21,"column":4},"end":{"line":23,"column":6}},"12":{"start":{"line":27,"column":17},"end":{"line":27,"column":63}},"13":{"start":{"line":28,"column":4},"end":{"line":30,"column":5}},"14":{"start":{"line":29,"column":6},"end":{"line":29,"column":61}},"15":{"start":{"line":32,"column":20},"end":{"line":32,"column":74}},"16":{"start":{"line":33,"column":4},"end":{"line":35,"column":5}},"17":{"start":{"line":34,"column":6},"end":{"line":34,"column":61}},"18":{"start":{"line":37,"column":20},"end":{"line":37,"column":55}},"19":{"start":{"line":38,"column":4},"end":{"line":40,"column":6}},"20":{"start":{"line":9,"column":13},"end":{"line":9,"column":24}},"21":{"start":{"line":9,"column":13},"end":{"line":42,"column":null}}},"fnMap":{"0":{"name":"(anonymous_11)","decl":{"start":{"line":10,"column":2},"end":{"line":10,"column":null}},"loc":{"start":{"line":12,"column":34},"end":{"line":13,"column":6}}},"1":{"name":"(anonymous_12)","decl":{"start":{"line":15,"column":2},"end":{"line":15,"column":7}},"loc":{"start":{"line":15,"column":33},"end":{"line":24,"column":3}}},"2":{"name":"(anonymous_13)","decl":{"start":{"line":26,"column":2},"end":{"line":26,"column":7}},"loc":{"start":{"line":26,"column":27},"end":{"line":41,"column":3}}}},"branchMap":{"0":{"loc":{"start":{"line":28,"column":4},"end":{"line":30,"column":5}},"type":"if","locations":[{"start":{"line":28,"column":4},"end":{"line":30,"column":5}},{"start":{},"end":{}}]},"1":{"loc":{"start":{"line":33,"column":4},"end":{"line":35,"column":5}},"type":"if","locations":[{"start":{"line":33,"column":4},"end":{"line":35,"column":5}},{"start":{},"end":{}}]},"2":{"loc":{"start":{"line":11,"column":26},"end":{"line":11,"column":null}},"type":"cond-expr","locations":[{"start":{"line":11,"column":38},"end":{"line":11,"column":null}},{"start":{"line":11,"column":38},"end":{"line":11,"column":null}}]},"3":{"loc":{"start":{"line":11,"column":26},"end":{"line":11,"column":38}},"type":"binary-expr","locations":[{"start":{"line":11,"column":26},"end":{"line":11,"column":null}},{"start":{"line":11,"column":26},"end":{"line":11,"column":38}}]},"4":{"loc":{"start":{"line":11,"column":38},"end":{"line":12,"column":null}},"type":"cond-expr","locations":[{"start":{"line":12,"column":34},"end":{"line":12,"column":null}},{"start":{"line":12,"column":34},"end":{"line":12,"column":null}}]},"5":{"loc":{"start":{"line":11,"column":38},"end":{"line":12,"column":34}},"type":"binary-expr","locations":[{"start":{"line":11,"column":38},"end":{"line":12,"column":null}},{"start":{"line":12,"column":24},"end":{"line":12,"column":34}}]}},"s":{"0":0,"1":0,"2":0,"3":0,"4":0,"5":0,"6":0,"7":0,"8":0,"9":0,"10":0,"11":0,"12":0,"13":0,"14":0,"15":0,"16":0,"17":0,"18":0,"19":0,"20":0,"21":0},"f":{"0":0,"1":0,"2":0},"b":{"0":[0,0],"1":[0,0],"2":[0,0],"3":[0,0],"4":[0,0],"5":[0,0]}}
,"/Users/bhaveshchauhan/Developer/solulab_assignment/src/auth/dto/login.dto.ts": {"path":"/Users/bhaveshchauhan/Developer/solulab_assignment/src/auth/dto/login.dto.ts","statementMap":{"0":{"start":{"line":1,"column":0},"end":{"line":1,"column":52}},"1":{"start":{"line":3,"column":0},"end":{"line":3,"column":13}},"2":{"start":{"line":5,"column":2},"end":{"line":5,"column":null}},"3":{"start":{"line":8,"column":2},"end":{"line":8,"column":null}}},"fnMap":{},"branchMap":{},"s":{"0":0,"1":0,"2":0,"3":0},"f":{},"b":{}}
,"/Users/bhaveshchauhan/Developer/solulab_assignment/src/auth/dto/register.dto.ts": {"path":"/Users/bhaveshchauhan/Developer/solulab_assignment/src/auth/dto/register.dto.ts","statementMap":{"0":{"start":{"line":1,"column":0},"end":{"line":1,"column":63}},"1":{"start":{"line":3,"column":0},"end":{"line":3,"column":13}},"2":{"start":{"line":5,"column":2},"end":{"line":5,"column":null}},"3":{"start":{"line":9,"column":2},"end":{"line":9,"column":null}}},"fnMap":{},"branchMap":{},"s":{"0":0,"1":0,"2":0,"3":0},"f":{},"b":{}}
,"/Users/bhaveshchauhan/Developer/solulab_assignment/src/auth/guards/jwt-auth.guard.ts": {"path":"/Users/bhaveshchauhan/Developer/solulab_assignment/src/auth/guards/jwt-auth.guard.ts","statementMap":{"0":{"start":{"line":1,"column":0},"end":{"line":1,"column":44}},"1":{"start":{"line":2,"column":0},"end":{"line":2,"column":45}},"2":{"start":{"line":5,"column":7},"end":{"line":5,"column":null}},"3":{"start":{"line":5,"column":13},"end":{"line":5,"column":25}},"4":{"start":{"line":5,"column":13},"end":{"line":5,"column":null}}},"fnMap":{},"branchMap":{},"s":{"0":0,"1":0,"2":0,"3":0,"4":0},"f":{},"b":{}}
,"/Users/bhaveshchauhan/Developer/solulab_assignment/src/auth/strategies/jwt.strategy.ts": {"path":"/Users/bhaveshchauhan/Developer/solulab_assignment/src/auth/strategies/jwt.strategy.ts","statementMap":{"0":{"start":{"line":1,"column":0},"end":{"line":1,"column":52}},"1":{"start":{"line":2,"column":0},"end":{"line":2,"column":52}},"2":{"start":{"line":3,"column":0},"end":{"line":3,"column":44}},"3":{"start":{"line":4,"column":0},"end":{"line":4,"column":47}},"4":{"start":{"line":7,"column":7},"end":{"line":19,"column":null}},"5":{"start":{"line":9,"column":4},"end":{"line":13,"column":7}},"6":{"start":{"line":17,"column":4},"end":{"line":17,"column":57}},"7":{"start":{"line":7,"column":13},"end":{"line":7,"column":24}},"8":{"start":{"line":7,"column":13},"end":{"line":19,"column":null}}},"fnMap":{"0":{"name":"(anonymous_2)","decl":{"start":{"line":8,"column":2},"end":{"line":8,"column":14}},"loc":{"start":{"line":8,"column":42},"end":{"line":14,"column":3}}},"1":{"name":"(anonymous_3)","decl":{"start":{"line":16,"column":2},"end":{"line":16,"column":7}},"loc":{"start":{"line":16,"column":29},"end":{"line":18,"column":3}}}},"branchMap":{"0":{"loc":{"start":{"line":8,"column":29},"end":{"line":8,"column":null}},"type":"cond-expr","locations":[{"start":{"line":8,"column":42},"end":{"line":8,"column":null}},{"start":{"line":8,"column":42},"end":{"line":8,"column":null}}]},"1":{"loc":{"start":{"line":8,"column":29},"end":{"line":8,"column":42}},"type":"binary-expr","locations":[{"start":{"line":8,"column":29},"end":{"line":8,"column":null}},{"start":{"line":8,"column":29},"end":{"line":8,"column":42}}]}},"s":{"0":0,"1":0,"2":0,"3":0,"4":0,"5":0,"6":0,"7":0,"8":0},"f":{"0":0,"1":0},"b":{"0":[0,0],"1":[0,0]}}
,"/Users/bhaveshchauhan/Developer/solulab_assignment/src/bank-mock/bank-mock.module.ts": {"path":"/Users/bhaveshchauhan/Developer/solulab_assignment/src/bank-mock/bank-mock.module.ts","statementMap":{"0":{"start":{"line":1,"column":0},"end":{"line":1,"column":40}},"1":{"start":{"line":2,"column":0},"end":{"line":2,"column":54}},"2":{"start":{"line":8,"column":7},"end":{"line":8,"column":null}},"3":{"start":{"line":8,"column":13},"end":{"line":8,"column":27}},"4":{"start":{"line":8,"column":13},"end":{"line":8,"column":null}}},"fnMap":{},"branchMap":{},"s":{"0":0,"1":0,"2":0,"3":0,"4":0},"f":{},"b":{}}
,"/Users/bhaveshchauhan/Developer/solulab_assignment/src/bank-mock/bank-mock.service.ts": {"path":"/Users/bhaveshchauhan/Developer/solulab_assignment/src/bank-mock/bank-mock.service.ts","statementMap":{"0":{"start":{"line":1,"column":0},"end":{"line":1,"column":52}},"1":{"start":{"line":2,"column":0},"end":{"line":2,"column":36}},"2":{"start":{"line":21,"column":28},"end":{"line":56,"column":null}},"3":{"start":{"line":22,"column":28},"end":{"line":22,"column":60}},"4":{"start":{"line":26,"column":18},"end":{"line":26,"column":56}},"5":{"start":{"line":27,"column":4},"end":{"line":27,"column":63}},"6":{"start":{"line":27,"column":35},"end":{"line":27,"column":61}},"7":{"start":{"line":30,"column":17},"end":{"line":30,"column":36}},"8":{"start":{"line":31,"column":21},"end":{"line":31,"column":29}},"9":{"start":{"line":33,"column":4},"end":{"line":54,"column":5}},"10":{"start":{"line":35,"column":6},"end":{"line":35,"column":128}},"11":{"start":{"line":36,"column":11},"end":{"line":54,"column":5}},"12":{"start":{"line":38,"column":6},"end":{"line":38,"column":128}},"13":{"start":{"line":39,"column":11},"end":{"line":54,"column":5}},"14":{"start":{"line":41,"column":6},"end":{"line":41,"column":123}},"15":{"start":{"line":42,"column":11},"end":{"line":54,"column":5}},"16":{"start":{"line":44,"column":6},"end":{"line":44,"column":120}},"17":{"start":{"line":45,"column":11},"end":{"line":54,"column":5}},"18":{"start":{"line":47,"column":6},"end":{"line":47,"column":127}},"19":{"start":{"line":48,"column":11},"end":{"line":54,"column":5}},"20":{"start":{"line":50,"column":6},"end":{"line":50,"column":138}},"21":{"start":{"line":53,"column":6},"end":{"line":53,"column":132}},"22":{"start":{"line":21,"column":13},"end":{"line":21,"column":28}},"23":{"start":{"line":21,"column":13},"end":{"line":56,"column":null}}},"fnMap":{"0":{"name":"(anonymous_1)","decl":{"start":{"line":24,"column":2},"end":{"line":24,"column":7}},"loc":{"start":{"line":24,"column":50},"end":{"line":55,"column":3}}},"1":{"name":"(anonymous_2)","decl":{"start":{"line":27,"column":22},"end":{"line":27,"column":23}},"loc":{"start":{"line":27,"column":35},"end":{"line":27,"column":61}}}},"branchMap":{"0":{"loc":{"start":{"line":33,"column":4},"end":{"line":54,"column":5}},"type":"if","locations":[{"start":{"line":33,"column":4},"end":{"line":54,"column":5}},{"start":{"line":36,"column":11},"end":{"line":54,"column":5}}]},"1":{"loc":{"start":{"line":36,"column":11},"end":{"line":54,"column":5}},"type":"if","locations":[{"start":{"line":36,"column":11},"end":{"line":54,"column":5}},{"start":{"line":39,"column":11},"end":{"line":54,"column":5}}]},"2":{"loc":{"start":{"line":39,"column":11},"end":{"line":54,"column":5}},"type":"if","locations":[{"start":{"line":39,"column":11},"end":{"line":54,"column":5}},{"start":{"line":42,"column":11},"end":{"line":54,"column":5}}]},"3":{"loc":{"start":{"line":42,"column":11},"end":{"line":54,"column":5}},"type":"if","locations":[{"start":{"line":42,"column":11},"end":{"line":54,"column":5}},{"start":{"line":45,"column":11},"end":{"line":54,"column":5}}]},"4":{"loc":{"start":{"line":45,"column":11},"end":{"line":54,"column":5}},"type":"if","locations":[{"start":{"line":45,"column":11},"end":{"line":54,"column":5}},{"start":{"line":48,"column":11},"end":{"line":54,"column":5}}]},"5":{"loc":{"start":{"line":48,"column":11},"end":{"line":54,"column":5}},"type":"if","locations":[{"start":{"line":48,"column":11},"end":{"line":54,"column":5}},{"start":{"line":51,"column":11},"end":{"line":54,"column":5}}]}},"s":{"0":1,"1":1,"2":1,"3":0,"4":0,"5":0,"6":0,"7":0,"8":0,"9":0,"10":0,"11":0,"12":0,"13":0,"14":0,"15":0,"16":0,"17":0,"18":0,"19":0,"20":0,"21":0,"22":1,"23":1},"f":{"0":0,"1":0},"b":{"0":[0,0],"1":[0,0],"2":[0,0],"3":[0,0],"4":[0,0],"5":[0,0]}}
,"/Users/bhaveshchauhan/Developer/solulab_assignment/src/cards/cards.controller.ts": {"path":"/Users/bhaveshchauhan/Developer/solulab_assignment/src/cards/cards.controller.ts","statementMap":{"0":{"start":{"line":1,"column":0},"end":{"line":1,"column":76}},"1":{"start":{"line":2,"column":0},"end":{"line":2,"column":47}},"2":{"start":{"line":3,"column":0},"end":{"line":3,"column":48}},"3":{"start":{"line":4,"column":0},"end":{"line":4,"column":61}},"4":{"start":{"line":8,"column":7},"end":{"line":15,"column":null}},"5":{"start":{"line":9,"column":31},"end":{"line":9,"column":45}},"6":{"start":{"line":13,"column":4},"end":{"line":13,"column":66}},"7":{"start":{"line":8,"column":13},"end":{"line":8,"column":28}},"8":{"start":{"line":12,"column":2},"end":{"line":14,"column":null}},"9":{"start":{"line":8,"column":13},"end":{"line":15,"column":null}}},"fnMap":{"0":{"name":"(anonymous_4)","decl":{"start":{"line":9,"column":2},"end":{"line":9,"column":31}},"loc":{"start":{"line":9,"column":57},"end":{"line":9,"column":61}}},"1":{"name":"(anonymous_5)","decl":{"start":{"line":12,"column":2},"end":{"line":12,"column":9}},"loc":{"start":{"line":12,"column":61},"end":{"line":14,"column":3}}}},"branchMap":{"0":{"loc":{"start":{"line":12,"column":51},"end":{"line":12,"column":null}},"type":"cond-expr","locations":[{"start":{"line":12,"column":61},"end":{"line":12,"column":null}},{"start":{"line":12,"column":61},"end":{"line":12,"column":null}}]},"1":{"loc":{"start":{"line":12,"column":51},"end":{"line":12,"column":61}},"type":"binary-expr","locations":[{"start":{"line":12,"column":51},"end":{"line":12,"column":null}},{"start":{"line":12,"column":51},"end":{"line":12,"column":61}}]},"2":{"loc":{"start":{"line":9,"column":45},"end":{"line":9,"column":60}},"type":"cond-expr","locations":[{"start":{"line":9,"column":57},"end":{"line":9,"column":60}},{"start":{"line":9,"column":57},"end":{"line":9,"column":60}}]},"3":{"loc":{"start":{"line":9,"column":45},"end":{"line":9,"column":57}},"type":"binary-expr","locations":[{"start":{"line":9,"column":45},"end":{"line":9,"column":60}},{"start":{"line":9,"column":45},"end":{"line":9,"column":57}}]}},"s":{"0":0,"1":0,"2":0,"3":0,"4":0,"5":0,"6":0,"7":0,"8":0,"9":0},"f":{"0":0,"1":0},"b":{"0":[0,0],"1":[0,0],"2":[0,0],"3":[0,0]}}
,"/Users/bhaveshchauhan/Developer/solulab_assignment/src/cards/cards.module.ts": {"path":"/Users/bhaveshchauhan/Developer/solulab_assignment/src/cards/cards.module.ts","statementMap":{"0":{"start":{"line":1,"column":0},"end":{"line":1,"column":40}},"1":{"start":{"line":2,"column":0},"end":{"line":2,"column":48}},"2":{"start":{"line":3,"column":0},"end":{"line":3,"column":47}},"3":{"start":{"line":4,"column":0},"end":{"line":4,"column":53}},"4":{"start":{"line":5,"column":0},"end":{"line":5,"column":46}},"5":{"start":{"line":13,"column":7},"end":{"line":13,"column":null}},"6":{"start":{"line":13,"column":13},"end":{"line":13,"column":24}},"7":{"start":{"line":13,"column":13},"end":{"line":13,"column":null}}},"fnMap":{},"branchMap":{},"s":{"0":0,"1":0,"2":0,"3":0,"4":0,"5":0,"6":0,"7":0},"f":{},"b":{}}
,"/Users/bhaveshchauhan/Developer/solulab_assignment/src/cards/cards.service.ts": {"path":"/Users/bhaveshchauhan/Developer/solulab_assignment/src/cards/cards.service.ts","statementMap":{"0":{"start":{"line":1,"column":0},"end":{"line":1,"column":65}},"1":{"start":{"line":2,"column":0},"end":{"line":2,"column":51}},"2":{"start":{"line":3,"column":0},"end":{"line":3,"column":37}},"3":{"start":{"line":4,"column":0},"end":{"line":4,"column":46}},"4":{"start":{"line":5,"column":0},"end":{"line":5,"column":47}},"5":{"start":{"line":7,"column":0},"end":{"line":7,"column":36}},"6":{"start":{"line":8,"column":0},"end":{"line":8,"column":33}},"7":{"start":{"line":11,"column":7},"end":{"line":70,"column":null}},"8":{"start":{"line":12,"column":31},"end":{"line":12,"column":44}},"9":{"start":{"line":17,"column":12},"end":{"line":17,"column":29}},"10":{"start":{"line":18,"column":12},"end":{"line":18,"column":27}},"11":{"start":{"line":20,"column":19},"end":{"line":20,"column":104}},"12":{"start":{"line":22,"column":4},"end":{"line":22,"column":53}},"13":{"start":{"line":26,"column":25},"end":{"line":26,"column":51}},"14":{"start":{"line":27,"column":18},"end":{"line":27,"column":40}},"15":{"start":{"line":30,"column":15},"end":{"line":30,"column":37}},"16":{"start":{"line":31,"column":19},"end":{"line":31,"column":70}},"17":{"start":{"line":32,"column":20},"end":{"line":32,"column":62}},"18":{"start":{"line":33,"column":4},"end":{"line":33,"column":37}},"19":{"start":{"line":34,"column":20},"end":{"line":34,"column":55}},"20":{"start":{"line":36,"column":25},"end":{"line":36,"column":72}},"21":{"start":{"line":37,"column":18},"end":{"line":37,"column":26}},"22":{"start":{"line":39,"column":17},"end":{"line":46,"column":6}},"23":{"start":{"line":48,"column":4},"end":{"line":48,"column":42}},"24":{"start":{"line":50,"column":4},"end":{"line":50,"column":28}},"25":{"start":{"line":54,"column":4},"end":{"line":54,"column":62}},"26":{"start":{"line":58,"column":46},"end":{"line":58,"column":69}},"27":{"start":{"line":59,"column":15},"end":{"line":59,"column":40}},"28":{"start":{"line":60,"column":20},"end":{"line":60,"column":50}},"29":{"start":{"line":61,"column":22},"end":{"line":61,"column":54}},"30":{"start":{"line":63,"column":21},"end":{"line":63,"column":74}},"31":{"start":{"line":64,"column":4},"end":{"line":64,"column":33}},"32":{"start":{"line":65,"column":20},"end":{"line":65,"column":46}},"33":{"start":{"line":66,"column":4},"end":{"line":66,"column":61}},"34":{"start":{"line":68,"column":4},"end":{"line":68,"column":38}},"35":{"start":{"line":11,"column":13},"end":{"line":11,"column":25}},"36":{"start":{"line":11,"column":13},"end":{"line":70,"column":null}}},"fnMap":{"0":{"name":"(anonymous_13)","decl":{"start":{"line":15,"column":2},"end":{"line":15,"column":null}},"loc":{"start":{"line":18,"column":40},"end":{"line":23,"column":3}}},"1":{"name":"(anonymous_14)","decl":{"start":{"line":25,"column":2},"end":{"line":25,"column":7}},"loc":{"start":{"line":25,"column":47},"end":{"line":51,"column":3}}},"2":{"name":"(anonymous_15)","decl":{"start":{"line":53,"column":2},"end":{"line":53,"column":7}},"loc":{"start":{"line":53,"column":33},"end":{"line":55,"column":3}}},"3":{"name":"(anonymous_16)","decl":{"start":{"line":57,"column":2},"end":{"line":57,"column":12}},"loc":{"start":{"line":57,"column":33},"end":{"line":69,"column":3}}}},"branchMap":{"0":{"loc":{"start":{"line":17,"column":29},"end":{"line":17,"column":45}},"type":"cond-expr","locations":[{"start":{"line":17,"column":39},"end":{"line":17,"column":45}},{"start":{"line":17,"column":39},"end":{"line":17,"column":45}}]},"1":{"loc":{"start":{"line":17,"column":29},"end":{"line":17,"column":39}},"type":"binary-expr","locations":[{"start":{"line":17,"column":29},"end":{"line":17,"column":45}},{"start":{"line":17,"column":29},"end":{"line":17,"column":39}}]},"2":{"loc":{"start":{"line":17,"column":39},"end":{"line":18,"column":null}},"type":"cond-expr","locations":[{"start":{"line":18,"column":40},"end":{"line":18,"column":null}},{"start":{"line":18,"column":40},"end":{"line":18,"column":null}}]},"3":{"loc":{"start":{"line":17,"column":39},"end":{"line":18,"column":40}},"type":"binary-expr","locations":[{"start":{"line":17,"column":39},"end":{"line":18,"column":null}},{"start":{"line":18,"column":27},"end":{"line":18,"column":40}}]}},"s":{"0":2,"1":2,"2":2,"3":2,"4":2,"5":2,"6":2,"7":2,"8":1,"9":1,"10":1,"11":1,"12":1,"13":1,"14":1,"15":1,"16":1,"17":1,"18":1,"19":1,"20":1,"21":1,"22":1,"23":1,"24":1,"25":0,"26":0,"27":0,"28":0,"29":0,"30":0,"31":0,"32":0,"33":0,"34":0,"35":2,"36":2},"f":{"0":1,"1":1,"2":0,"3":0},"b":{"0":[2,0],"1":[2,2],"2":[2,0],"3":[2,2]}}
,"/Users/bhaveshchauhan/Developer/solulab_assignment/src/cards/dto/add-card.dto.ts": {"path":"/Users/bhaveshchauhan/Developer/solulab_assignment/src/cards/dto/add-card.dto.ts","statementMap":{"0":{"start":{"line":1,"column":0},"end":{"line":1,"column":85}},"1":{"start":{"line":2,"column":0},"end":{"line":2,"column":69}},"2":{"start":{"line":4,"column":0},"end":{"line":4,"column":13}},"3":{"start":{"line":8,"column":2},"end":{"line":8,"column":null}},"4":{"start":{"line":13,"column":2},"end":{"line":13,"column":null}},"5":{"start":{"line":17,"column":2},"end":{"line":17,"column":null}}},"fnMap":{},"branchMap":{},"s":{"0":0,"1":0,"2":0,"3":0,"4":0,"5":0},"f":{},"b":{}}
,"/Users/bhaveshchauhan/Developer/solulab_assignment/src/cards/entities/card.entity.ts": {"path":"/Users/bhaveshchauhan/Developer/solulab_assignment/src/cards/entities/card.entity.ts","statementMap":{"0":{"start":{"line":1,"column":0},"end":{"line":1,"column":113}},"1":{"start":{"line":2,"column":0},"end":{"line":2,"column":56}},"2":{"start":{"line":5,"column":7},"end":{"line":34,"column":null}},"3":{"start":{"line":5,"column":13},"end":{"line":5,"column":17}},"4":{"start":{"line":7,"column":2},"end":{"line":7,"column":null}},"5":{"start":{"line":10,"column":2},"end":{"line":10,"column":null}},"6":{"start":{"line":14,"column":2},"end":{"line":14,"column":null}},"7":{"start":{"line":12,"column":19},"end":{"line":12,"column":23}},"8":{"start":{"line":17,"column":2},"end":{"line":17,"column":null}},"9":{"start":{"line":20,"column":2},"end":{"line":20,"column":null}},"10":{"start":{"line":23,"column":2},"end":{"line":23,"column":null}},"11":{"start":{"line":27,"column":2},"end":{"line":27,"column":null}},"12":{"start":{"line":30,"column":2},"end":{"line":30,"column":null}},"13":{"start":{"line":33,"column":2},"end":{"line":33,"column":null}},"14":{"start":{"line":5,"column":13},"end":{"line":34,"column":null}}},"fnMap":{"0":{"name":"(anonymous_2)","decl":{"start":{"line":12,"column":13},"end":{"line":12,"column":16}},"loc":{"start":{"line":12,"column":19},"end":{"line":12,"column":23}}}},"branchMap":{"0":{"loc":{"start":{"line":14,"column":8},"end":{"line":14,"column":13}},"type":"cond-expr","locations":[{"start":{"line":14,"column":12},"end":{"line":14,"column":13}},{"start":{"line":14,"column":12},"end":{"line":14,"column":13}}]},"1":{"loc":{"start":{"line":14,"column":8},"end":{"line":14,"column":12}},"type":"binary-expr","locations":[{"start":{"line":14,"column":8},"end":{"line":14,"column":13}},{"start":{"line":14,"column":8},"end":{"line":14,"column":12}}]},"2":{"loc":{"start":{"line":33,"column":14},"end":{"line":33,"column":19}},"type":"cond-expr","locations":[{"start":{"line":33,"column":18},"end":{"line":33,"column":19}},{"start":{"line":33,"column":18},"end":{"line":33,"column":19}}]},"3":{"loc":{"start":{"line":33,"column":14},"end":{"line":33,"column":18}},"type":"binary-expr","locations":[{"start":{"line":33,"column":14},"end":{"line":33,"column":19}},{"start":{"line":33,"column":14},"end":{"line":33,"column":18}}]}},"s":{"0":2,"1":2,"2":2,"3":2,"4":2,"5":2,"6":2,"7":0,"8":2,"9":2,"10":2,"11":2,"12":2,"13":2,"14":2},"f":{"0":0},"b":{"0":[2,0],"1":[2,2],"2":[2,0],"3":[2,2]}}
,"/Users/bhaveshchauhan/Developer/solulab_assignment/src/cards/validators/luhn.validator.ts": {"path":"/Users/bhaveshchauhan/Developer/solulab_assignment/src/cards/validators/luhn.validator.ts","statementMap":{"0":{"start":{"line":1,"column":0},"end":{"line":1,"column":105}},"1":{"start":{"line":4,"column":7},"end":{"line":30,"column":null}},"2":{"start":{"line":6,"column":4},"end":{"line":6,"column":54}},"3":{"start":{"line":6,"column":41},"end":{"line":6,"column":54}},"4":{"start":{"line":7,"column":22},"end":{"line":7,"column":44}},"5":{"start":{"line":8,"column":4},"end":{"line":8,"column":45}},"6":{"start":{"line":8,"column":32},"end":{"line":8,"column":45}},"7":{"start":{"line":10,"column":14},"end":{"line":10,"column":15}},"8":{"start":{"line":11,"column":23},"end":{"line":11,"column":28}},"9":{"start":{"line":13,"column":4},"end":{"line":22,"column":5}},"10":{"start":{"line":13,"column":17},"end":{"line":13,"column":37}},"11":{"start":{"line":14,"column":18},"end":{"line":14,"column":51}},"12":{"start":{"line":16,"column":6},"end":{"line":18,"column":7}},"13":{"start":{"line":17,"column":8},"end":{"line":17,"column":41}},"14":{"start":{"line":17,"column":30},"end":{"line":17,"column":41}},"15":{"start":{"line":20,"column":6},"end":{"line":20,"column":19}},"16":{"start":{"line":21,"column":6},"end":{"line":21,"column":35}},"17":{"start":{"line":24,"column":4},"end":{"line":24,"column":26}},"18":{"start":{"line":28,"column":4},"end":{"line":28,"column":61}},"19":{"start":{"line":4,"column":13},"end":{"line":4,"column":34}},"20":{"start":{"line":4,"column":13},"end":{"line":30,"column":null}}},"fnMap":{"0":{"name":"(anonymous_1)","decl":{"start":{"line":5,"column":2},"end":{"line":5,"column":10}},"loc":{"start":{"line":5,"column":49},"end":{"line":25,"column":3}}},"1":{"name":"(anonymous_2)","decl":{"start":{"line":27,"column":2},"end":{"line":27,"column":16}},"loc":{"start":{"line":27,"column":42},"end":{"line":29,"column":3}}}},"branchMap":{"0":{"loc":{"start":{"line":6,"column":4},"end":{"line":6,"column":54}},"type":"if","locations":[{"start":{"line":6,"column":4},"end":{"line":6,"column":54}},{"start":{},"end":{}}]},"1":{"loc":{"start":{"line":6,"column":8},"end":{"line":6,"column":39}},"type":"binary-expr","locations":[{"start":{"line":6,"column":8},"end":{"line":6,"column":12}},{"start":{"line":6,"column":16},"end":{"line":6,"column":39}}]},"2":{"loc":{"start":{"line":8,"column":4},"end":{"line":8,"column":45}},"type":"if","locations":[{"start":{"line":8,"column":4},"end":{"line":8,"column":45}},{"start":{},"end":{}}]},"3":{"loc":{"start":{"line":16,"column":6},"end":{"line":18,"column":7}},"type":"if","locations":[{"start":{"line":16,"column":6},"end":{"line":18,"column":7}},{"start":{},"end":{}}]},"4":{"loc":{"start":{"line":17,"column":8},"end":{"line":17,"column":41}},"type":"if","locations":[{"start":{"line":17,"column":8},"end":{"line":17,"column":41}},{"start":{},"end":{}}]}},"s":{"0":1,"1":1,"2":5,"3":2,"4":3,"5":3,"6":0,"7":3,"8":3,"9":3,"10":3,"11":48,"12":48,"13":24,"14":0,"15":48,"16":48,"17":3,"18":0,"19":1,"20":1},"f":{"0":5,"1":0},"b":{"0":[2,3],"1":[5,3],"2":[0,3],"3":[24,24],"4":[0,24]}}
,"/Users/bhaveshchauhan/Developer/solulab_assignment/src/payments/payments.controller.ts": {"path":"/Users/bhaveshchauhan/Developer/solulab_assignment/src/payments/payments.controller.ts","statementMap":{"0":{"start":{"line":1,"column":0},"end":{"line":1,"column":124}},"1":{"start":{"line":2,"column":0},"end":{"line":2,"column":53}},"2":{"start":{"line":3,"column":0},"end":{"line":3,"column":60}},"3":{"start":{"line":4,"column":0},"end":{"line":4,"column":61}},"4":{"start":{"line":5,"column":0},"end":{"line":5,"column":80}},"5":{"start":{"line":9,"column":7},"end":{"line":22,"column":null}},"6":{"start":{"line":10,"column":31},"end":{"line":10,"column":48}},"7":{"start":{"line":20,"column":4},"end":{"line":20,"column":84}},"8":{"start":{"line":9,"column":13},"end":{"line":9,"column":31}},"9":{"start":{"line":15,"column":2},"end":{"line":21,"column":null}},"10":{"start":{"line":9,"column":13},"end":{"line":22,"column":null}}},"fnMap":{"0":{"name":"(anonymous_4)","decl":{"start":{"line":10,"column":2},"end":{"line":10,"column":31}},"loc":{"start":{"line":10,"column":63},"end":{"line":10,"column":67}}},"1":{"name":"(anonymous_5)","decl":{"start":{"line":15,"column":2},"end":{"line":15,"column":15}},"loc":{"start":{"line":18,"column":33},"end":{"line":21,"column":3}}}},"branchMap":{"0":{"loc":{"start":{"line":18,"column":17},"end":{"line":18,"column":null}},"type":"cond-expr","locations":[{"start":{"line":18,"column":33},"end":{"line":18,"column":null}},{"start":{"line":18,"column":33},"end":{"line":18,"column":null}}]},"1":{"loc":{"start":{"line":18,"column":17},"end":{"line":18,"column":33}},"type":"binary-expr","locations":[{"start":{"line":18,"column":17},"end":{"line":18,"column":null}},{"start":{"line":18,"column":17},"end":{"line":18,"column":33}}]},"2":{"loc":{"start":{"line":10,"column":48},"end":{"line":10,"column":66}},"type":"cond-expr","locations":[{"start":{"line":10,"column":63},"end":{"line":10,"column":66}},{"start":{"line":10,"column":63},"end":{"line":10,"column":66}}]},"3":{"loc":{"start":{"line":10,"column":48},"end":{"line":10,"column":63}},"type":"binary-expr","locations":[{"start":{"line":10,"column":48},"end":{"line":10,"column":66}},{"start":{"line":10,"column":48},"end":{"line":10,"column":63}}]}},"s":{"0":0,"1":0,"2":0,"3":0,"4":0,"5":0,"6":0,"7":0,"8":0,"9":0,"10":0},"f":{"0":0,"1":0},"b":{"0":[0,0],"1":[0,0],"2":[0,0],"3":[0,0]}}
,"/Users/bhaveshchauhan/Developer/solulab_assignment/src/payments/payments.module.ts": {"path":"/Users/bhaveshchauhan/Developer/solulab_assignment/src/payments/payments.module.ts","statementMap":{"0":{"start":{"line":1,"column":0},"end":{"line":1,"column":40}},"1":{"start":{"line":3,"column":0},"end":{"line":3,"column":44}},"2":{"start":{"line":4,"column":0},"end":{"line":4,"column":53}},"3":{"start":{"line":5,"column":0},"end":{"line":5,"column":59}},"4":{"start":{"line":6,"column":0},"end":{"line":6,"column":66}},"5":{"start":{"line":7,"column":0},"end":{"line":7,"column":73}},"6":{"start":{"line":8,"column":0},"end":{"line":8,"column":52}},"7":{"start":{"line":9,"column":0},"end":{"line":9,"column":63}},"8":{"start":{"line":10,"column":0},"end":{"line":10,"column":80}},"9":{"start":{"line":11,"column":0},"end":{"line":11,"column":46}},"10":{"start":{"line":26,"column":7},"end":{"line":26,"column":null}},"11":{"start":{"line":26,"column":13},"end":{"line":26,"column":27}},"12":{"start":{"line":26,"column":13},"end":{"line":26,"column":null}}},"fnMap":{},"branchMap":{},"s":{"0":0,"1":0,"2":0,"3":0,"4":0,"5":0,"6":0,"7":0,"8":0,"9":0,"10":0,"11":0,"12":0},"f":{},"b":{}}
,"/Users/bhaveshchauhan/Developer/solulab_assignment/src/payments/payments.service.ts": {"path":"/Users/bhaveshchauhan/Developer/solulab_assignment/src/payments/payments.service.ts","statementMap":{"0":{"start":{"line":1,"column":0},"end":{"line":1,"column":92}},"1":{"start":{"line":2,"column":0},"end":{"line":2,"column":51}},"2":{"start":{"line":3,"column":0},"end":{"line":3,"column":37}},"3":{"start":{"line":4,"column":0},"end":{"line":4,"column":93}},"4":{"start":{"line":5,"column":0},"end":{"line":5,"column":89}},"5":{"start":{"line":7,"column":0},"end":{"line":7,"column":54}},"6":{"start":{"line":8,"column":0},"end":{"line":8,"column":45}},"7":{"start":{"line":9,"column":0},"end":{"line":9,"column":31}},"8":{"start":{"line":12,"column":28},"end":{"line":73,"column":null}},"9":{"start":{"line":13,"column":28},"end":{"line":13,"column":60}},"10":{"start":{"line":17,"column":12},"end":{"line":17,"column":30}},"11":{"start":{"line":19,"column":12},"end":{"line":19,"column":25}},"12":{"start":{"line":20,"column":12},"end":{"line":20,"column":26}},"13":{"start":{"line":21,"column":37},"end":{"line":21,"column":52}},"14":{"start":{"line":25,"column":17},"end":{"line":25,"column":68}},"15":{"start":{"line":26,"column":4},"end":{"line":28,"column":5}},"16":{"start":{"line":27,"column":6},"end":{"line":27,"column":52}},"17":{"start":{"line":29,"column":4},"end":{"line":31,"column":5}},"18":{"start":{"line":30,"column":6},"end":{"line":30,"column":68}},"19":{"start":{"line":34,"column":24},"end":{"line":41,"column":6}},"20":{"start":{"line":43,"column":4},"end":{"line":43,"column":50}},"21":{"start":{"line":46,"column":4},"end":{"line":50,"column":7}},"22":{"start":{"line":53,"column":4},"end":{"line":65,"column":6}},"23":{"start":{"line":67,"column":4},"end":{"line":71,"column":6}},"24":{"start":{"line":12,"column":13},"end":{"line":12,"column":28}},"25":{"start":{"line":12,"column":13},"end":{"line":73,"column":null}}},"fnMap":{"0":{"name":"(anonymous_4)","decl":{"start":{"line":15,"column":2},"end":{"line":15,"column":null}},"loc":{"start":{"line":21,"column":57},"end":{"line":22,"column":6}}},"1":{"name":"(anonymous_5)","decl":{"start":{"line":24,"column":2},"end":{"line":24,"column":7}},"loc":{"start":{"line":24,"column":83},"end":{"line":72,"column":3}}}},"branchMap":{"0":{"loc":{"start":{"line":26,"column":4},"end":{"line":28,"column":5}},"type":"if","locations":[{"start":{"line":26,"column":4},"end":{"line":28,"column":5}},{"start":{},"end":{}}]},"1":{"loc":{"start":{"line":29,"column":4},"end":{"line":31,"column":5}},"type":"if","locations":[{"start":{"line":29,"column":4},"end":{"line":31,"column":5}},{"start":{},"end":{}}]},"2":{"loc":{"start":{"line":38,"column":16},"end":{"line":38,"column":37}},"type":"binary-expr","locations":[{"start":{"line":38,"column":16},"end":{"line":38,"column":28}},{"start":{"line":38,"column":32},"end":{"line":38,"column":37}}]},"3":{"loc":{"start":{"line":17,"column":30},"end":{"line":17,"column":53}},"type":"cond-expr","locations":[{"start":{"line":17,"column":40},"end":{"line":17,"column":53}},{"start":{"line":17,"column":40},"end":{"line":17,"column":53}}]},"4":{"loc":{"start":{"line":17,"column":30},"end":{"line":17,"column":40}},"type":"binary-expr","locations":[{"start":{"line":17,"column":30},"end":{"line":17,"column":53}},{"start":{"line":17,"column":30},"end":{"line":17,"column":40}}]},"5":{"loc":{"start":{"line":17,"column":40},"end":{"line":19,"column":55}},"type":"cond-expr","locations":[{"start":{"line":19,"column":35},"end":{"line":19,"column":55}},{"start":{"line":19,"column":35},"end":{"line":19,"column":55}}]},"6":{"loc":{"start":{"line":17,"column":40},"end":{"line":19,"column":35}},"type":"binary-expr","locations":[{"start":{"line":17,"column":40},"end":{"line":19,"column":55}},{"start":{"line":19,"column":25},"end":{"line":19,"column":35}}]},"7":{"loc":{"start":{"line":19,"column":35},"end":{"line":20,"column":null}},"type":"cond-expr","locations":[{"start":{"line":20,"column":38},"end":{"line":20,"column":null}},{"start":{"line":20,"column":38},"end":{"line":20,"column":null}}]},"8":{"loc":{"start":{"line":19,"column":35},"end":{"line":20,"column":38}},"type":"binary-expr","locations":[{"start":{"line":19,"column":35},"end":{"line":20,"column":null}},{"start":{"line":20,"column":26},"end":{"line":20,"column":38}}]},"9":{"loc":{"start":{"line":20,"column":38},"end":{"line":21,"column":null}},"type":"cond-expr","locations":[{"start":{"line":21,"column":57},"end":{"line":21,"column":null}},{"start":{"line":21,"column":57},"end":{"line":21,"column":null}}]},"10":{"loc":{"start":{"line":20,"column":38},"end":{"line":21,"column":57}},"type":"binary-expr","locations":[{"start":{"line":20,"column":38},"end":{"line":21,"column":null}},{"start":{"line":21,"column":52},"end":{"line":21,"column":57}}]}},"s":{"0":0,"1":0,"2":0,"3":0,"4":0,"5":0,"6":0,"7":0,"8":0,"9":0,"10":0,"11":0,"12":0,"13":0,"14":0,"15":0,"16":0,"17":0,"18":0,"19":0,"20":0,"21":0,"22":0,"23":0,"24":0,"25":0},"f":{"0":0,"1":0},"b":{"0":[0,0],"1":[0,0],"2":[0,0],"3":[0,0],"4":[0,0],"5":[0,0],"6":[0,0],"7":[0,0],"8":[0,0],"9":[0,0],"10":[0,0]}}
,"/Users/bhaveshchauhan/Developer/solulab_assignment/src/payments/dto/create-payment.dto.ts": {"path":"/Users/bhaveshchauhan/Developer/solulab_assignment/src/payments/dto/create-payment.dto.ts","statementMap":{"0":{"start":{"line":1,"column":0},"end":{"line":1,"column":82}},"1":{"start":{"line":3,"column":0},"end":{"line":3,"column":13}},"2":{"start":{"line":6,"column":2},"end":{"line":6,"column":null}},"3":{"start":{"line":10,"column":2},"end":{"line":10,"column":null}},"4":{"start":{"line":14,"column":2},"end":{"line":14,"column":null}}},"fnMap":{},"branchMap":{},"s":{"0":0,"1":0,"2":0,"3":0,"4":0},"f":{},"b":{}}
,"/Users/bhaveshchauhan/Developer/solulab_assignment/src/payments/interceptors/idempotency.interceptor.ts": {"path":"/Users/bhaveshchauhan/Developer/solulab_assignment/src/payments/interceptors/idempotency.interceptor.ts","statementMap":{"0":{"start":{"line":1,"column":0},"end":{"line":1,"column":119}},"1":{"start":{"line":2,"column":0},"end":{"line":2,"column":38}},"2":{"start":{"line":3,"column":0},"end":{"line":3,"column":37}},"3":{"start":{"line":4,"column":0},"end":{"line":4,"column":28}},"4":{"start":{"line":5,"column":0},"end":{"line":5,"column":47}},"5":{"start":{"line":8,"column":7},"end":{"line":45,"column":null}},"6":{"start":{"line":11,"column":22},"end":{"line":11,"column":37}},"7":{"start":{"line":12,"column":4},"end":{"line":15,"column":7}},"8":{"start":{"line":19,"column":16},"end":{"line":19,"column":51}},"9":{"start":{"line":20,"column":27},"end":{"line":20,"column":57}},"10":{"start":{"line":22,"column":4},"end":{"line":24,"column":5}},"11":{"start":{"line":23,"column":6},"end":{"line":23,"column":92}},"12":{"start":{"line":26,"column":21},"end":{"line":26,"column":52}},"13":{"start":{"line":27,"column":27},"end":{"line":27,"column":57}},"14":{"start":{"line":29,"column":4},"end":{"line":31,"column":5}},"15":{"start":{"line":30,"column":6},"end":{"line":30,"column":44}},"16":{"start":{"line":34,"column":18},"end":{"line":34,"column":109}},"17":{"start":{"line":35,"column":4},"end":{"line":37,"column":5}},"18":{"start":{"line":36,"column":6},"end":{"line":36,"column":115}},"19":{"start":{"line":39,"column":4},"end":{"line":43,"column":6}},"20":{"start":{"line":41,"column":8},"end":{"line":41,"column":78}},"21":{"start":{"line":8,"column":13},"end":{"line":8,"column":35}},"22":{"start":{"line":8,"column":13},"end":{"line":45,"column":null}}},"fnMap":{"0":{"name":"(anonymous_3)","decl":{"start":{"line":11,"column":2},"end":{"line":11,"column":22}},"loc":{"start":{"line":11,"column":50},"end":{"line":16,"column":3}}},"1":{"name":"(anonymous_4)","decl":{"start":{"line":18,"column":2},"end":{"line":18,"column":7}},"loc":{"start":{"line":18,"column":62},"end":{"line":44,"column":3}}},"2":{"name":"(anonymous_5)","decl":{"start":{"line":40,"column":10},"end":{"line":40,"column":15}},"loc":{"start":{"line":40,"column":29},"end":{"line":42,"column":7}}}},"branchMap":{"0":{"loc":{"start":{"line":22,"column":4},"end":{"line":24,"column":5}},"type":"if","locations":[{"start":{"line":22,"column":4},"end":{"line":24,"column":5}},{"start":{},"end":{}}]},"1":{"loc":{"start":{"line":29,"column":4},"end":{"line":31,"column":5}},"type":"if","locations":[{"start":{"line":29,"column":4},"end":{"line":31,"column":5}},{"start":{},"end":{}}]},"2":{"loc":{"start":{"line":35,"column":4},"end":{"line":37,"column":5}},"type":"if","locations":[{"start":{"line":35,"column":4},"end":{"line":37,"column":5}},{"start":{},"end":{}}]},"3":{"loc":{"start":{"line":11,"column":37},"end":{"line":11,"column":null}},"type":"cond-expr","locations":[{"start":{"line":11,"column":50},"end":{"line":11,"column":null}},{"start":{"line":11,"column":50},"end":{"line":11,"column":null}}]},"4":{"loc":{"start":{"line":11,"column":37},"end":{"line":11,"column":50}},"type":"binary-expr","locations":[{"start":{"line":11,"column":37},"end":{"line":11,"column":null}},{"start":{"line":11,"column":37},"end":{"line":11,"column":50}}]}},"s":{"0":0,"1":0,"2":0,"3":0,"4":0,"5":0,"6":0,"7":0,"8":0,"9":0,"10":0,"11":0,"12":0,"13":0,"14":0,"15":0,"16":0,"17":0,"18":0,"19":0,"20":0,"21":0,"22":0},"f":{"0":0,"1":0,"2":0},"b":{"0":[0,0],"1":[0,0],"2":[0,0],"3":[0,0],"4":[0,0]}}
,"/Users/bhaveshchauhan/Developer/solulab_assignment/src/payments/processors/payment.processor.ts": {"path":"/Users/bhaveshchauhan/Developer/solulab_assignment/src/payments/processors/payment.processor.ts","statementMap":{"0":{"start":{"line":1,"column":0},"end":{"line":1,"column":55}},"1":{"start":{"line":3,"column":0},"end":{"line":3,"column":52}},"2":{"start":{"line":4,"column":0},"end":{"line":4,"column":51}},"3":{"start":{"line":5,"column":0},"end":{"line":5,"column":37}},"4":{"start":{"line":6,"column":0},"end":{"line":6,"column":96}},"5":{"start":{"line":7,"column":0},"end":{"line":7,"column":92}},"6":{"start":{"line":8,"column":0},"end":{"line":8,"column":68}},"7":{"start":{"line":9,"column":0},"end":{"line":9,"column":57}},"8":{"start":{"line":13,"column":29},"end":{"line":107,"column":null}},"9":{"start":{"line":14,"column":28},"end":{"line":14,"column":61}},"10":{"start":{"line":24,"column":4},"end":{"line":24,"column":12}},"11":{"start":{"line":18,"column":12},"end":{"line":18,"column":30}},"12":{"start":{"line":20,"column":12},"end":{"line":20,"column":25}},"13":{"start":{"line":21,"column":12},"end":{"line":21,"column":29}},"14":{"start":{"line":22,"column":12},"end":{"line":22,"column":26}},"15":{"start":{"line":28,"column":30},"end":{"line":28,"column":38}},"16":{"start":{"line":29,"column":24},"end":{"line":32,"column":6}},"17":{"start":{"line":34,"column":4},"end":{"line":37,"column":5}},"18":{"start":{"line":35,"column":6},"end":{"line":35,"column":66}},"19":{"start":{"line":36,"column":6},"end":{"line":36,"column":13}},"20":{"start":{"line":39,"column":4},"end":{"line":44,"column":5}},"21":{"start":{"line":40,"column":6},"end":{"line":40,"column":103}},"22":{"start":{"line":41,"column":11},"end":{"line":44,"column":5}},"23":{"start":{"line":42,"column":6},"end":{"line":42,"column":80}},"24":{"start":{"line":43,"column":6},"end":{"line":43,"column":13}},"25":{"start":{"line":46,"column":4},"end":{"line":90,"column":5}},"26":{"start":{"line":47,"column":27},"end":{"line":47,"column":87}},"27":{"start":{"line":48,"column":27},"end":{"line":54,"column":8}},"28":{"start":{"line":56,"column":6},"end":{"line":56,"column":73}},"29":{"start":{"line":58,"column":6},"end":{"line":80,"column":7}},"30":{"start":{"line":59,"column":8},"end":{"line":59,"column":79}},"31":{"start":{"line":61,"column":8},"end":{"line":61,"column":102}},"32":{"start":{"line":62,"column":8},"end":{"line":62,"column":106}},"33":{"start":{"line":64,"column":8},"end":{"line":64,"column":70}},"34":{"start":{"line":65,"column":32},"end":{"line":65,"column":74}},"35":{"start":{"line":67,"column":8},"end":{"line":79,"column":9}},"36":{"start":{"line":69,"column":10},"end":{"line":75,"column":11}},"37":{"start":{"line":70,"column":12},"end":{"line":70,"column":59}},"38":{"start":{"line":71,"column":12},"end":{"line":71,"column":124}},"39":{"start":{"line":72,"column":12},"end":{"line":72,"column":75}},"40":{"start":{"line":74,"column":12},"end":{"line":74,"column":129}},"41":{"start":{"line":78,"column":10},"end":{"line":78,"column":120}},"42":{"start":{"line":82,"column":6},"end":{"line":82,"column":82}},"43":{"start":{"line":84,"column":6},"end":{"line":89,"column":7}},"44":{"start":{"line":85,"column":8},"end":{"line":85,"column":20}},"45":{"start":{"line":88,"column":8},"end":{"line":88,"column":105}},"46":{"start":{"line":94,"column":23},"end":{"line":94,"column":41}},"47":{"start":{"line":95,"column":4},"end":{"line":95,"column":34}},"48":{"start":{"line":96,"column":4},"end":{"line":96,"column":50}},"49":{"start":{"line":98,"column":4},"end":{"line":103,"column":7}},"50":{"start":{"line":105,"column":4},"end":{"line":105,"column":119}},"51":{"start":{"line":13,"column":13},"end":{"line":13,"column":29}},"52":{"start":{"line":13,"column":13},"end":{"line":107,"column":null}}},"fnMap":{"0":{"name":"(anonymous_4)","decl":{"start":{"line":16,"column":2},"end":{"line":16,"column":null}},"loc":{"start":{"line":22,"column":38},"end":{"line":25,"column":3}}},"1":{"name":"(anonymous_5)","decl":{"start":{"line":27,"column":2},"end":{"line":27,"column":7}},"loc":{"start":{"line":27,"column":51},"end":{"line":91,"column":3}}},"2":{"name":"(anonymous_6)","decl":{"start":{"line":93,"column":10},"end":{"line":93,"column":15}},"loc":{"start":{"line":93,"column":98},"end":{"line":106,"column":3}}}},"branchMap":{"0":{"loc":{"start":{"line":34,"column":4},"end":{"line":37,"column":5}},"type":"if","locations":[{"start":{"line":34,"column":4},"end":{"line":37,"column":5}},{"start":{},"end":{}}]},"1":{"loc":{"start":{"line":39,"column":4},"end":{"line":44,"column":5}},"type":"if","locations":[{"start":{"line":39,"column":4},"end":{"line":44,"column":5}},{"start":{"line":41,"column":11},"end":{"line":44,"column":5}}]},"2":{"loc":{"start":{"line":41,"column":11},"end":{"line":44,"column":5}},"type":"if","locations":[{"start":{"line":41,"column":11},"end":{"line":44,"column":5}},{"start":{},"end":{}}]},"3":{"loc":{"start":{"line":58,"column":6},"end":{"line":80,"column":7}},"type":"if","locations":[{"start":{"line":58,"column":6},"end":{"line":80,"column":7}},{"start":{"line":63,"column":13},"end":{"line":80,"column":7}}]},"4":{"loc":{"start":{"line":59,"column":41},"end":{"line":59,"column":78}},"type":"binary-expr","locations":[{"start":{"line":59,"column":41},"end":{"line":59,"column":72}},{"start":{"line":59,"column":76},"end":{"line":59,"column":78}}]},"5":{"loc":{"start":{"line":64,"column":33},"end":{"line":64,"column":69}},"type":"binary-expr","locations":[{"start":{"line":64,"column":33},"end":{"line":64,"column":56}},{"start":{"line":64,"column":60},"end":{"line":64,"column":69}}]},"6":{"loc":{"start":{"line":67,"column":8},"end":{"line":79,"column":9}},"type":"if","locations":[{"start":{"line":67,"column":8},"end":{"line":79,"column":9}},{"start":{"line":76,"column":15},"end":{"line":79,"column":9}}]},"7":{"loc":{"start":{"line":69,"column":10},"end":{"line":75,"column":11}},"type":"if","locations":[{"start":{"line":69,"column":10},"end":{"line":75,"column":11}},{"start":{"line":73,"column":17},"end":{"line":75,"column":11}}]},"8":{"loc":{"start":{"line":84,"column":6},"end":{"line":89,"column":7}},"type":"if","locations":[{"start":{"line":84,"column":6},"end":{"line":89,"column":7}},{"start":{"line":86,"column":13},"end":{"line":89,"column":7}}]},"9":{"loc":{"start":{"line":18,"column":30},"end":{"line":18,"column":53}},"type":"cond-expr","locations":[{"start":{"line":18,"column":40},"end":{"line":18,"column":53}},{"start":{"line":18,"column":40},"end":{"line":18,"column":53}}]},"10":{"loc":{"start":{"line":18,"column":30},"end":{"line":18,"column":40}},"type":"binary-expr","locations":[{"start":{"line":18,"column":30},"end":{"line":18,"column":53}},{"start":{"line":18,"column":30},"end":{"line":18,"column":40}}]},"11":{"loc":{"start":{"line":18,"column":40},"end":{"line":20,"column":55}},"type":"cond-expr","locations":[{"start":{"line":20,"column":35},"end":{"line":20,"column":55}},{"start":{"line":20,"column":35},"end":{"line":20,"column":55}}]},"12":{"loc":{"start":{"line":18,"column":40},"end":{"line":20,"column":35}},"type":"binary-expr","locations":[{"start":{"line":18,"column":40},"end":{"line":20,"column":55}},{"start":{"line":20,"column":25},"end":{"line":20,"column":35}}]},"13":{"loc":{"start":{"line":20,"column":35},"end":{"line":21,"column":null}},"type":"cond-expr","locations":[{"start":{"line":21,"column":44},"end":{"line":21,"column":null}},{"start":{"line":21,"column":44},"end":{"line":21,"column":null}}]},"14":{"loc":{"start":{"line":20,"column":35},"end":{"line":21,"column":44}},"type":"binary-expr","locations":[{"start":{"line":20,"column":35},"end":{"line":21,"column":null}},{"start":{"line":21,"column":29},"end":{"line":21,"column":44}}]},"15":{"loc":{"start":{"line":21,"column":44},"end":{"line":22,"column":null}},"type":"cond-expr","locations":[{"start":{"line":22,"column":38},"end":{"line":22,"column":null}},{"start":{"line":22,"column":38},"end":{"line":22,"column":null}}]},"16":{"loc":{"start":{"line":21,"column":44},"end":{"line":22,"column":38}},"type":"binary-expr","locations":[{"start":{"line":21,"column":44},"end":{"line":22,"column":null}},{"start":{"line":22,"column":26},"end":{"line":22,"column":38}}]}},"s":{"0":1,"1":1,"2":1,"3":1,"4":1,"5":1,"6":1,"7":1,"8":1,"9":3,"10":3,"11":3,"12":3,"13":3,"14":3,"15":3,"16":3,"17":3,"18":0,"19":0,"20":3,"21":3,"22":0,"23":0,"24":0,"25":3,"26":3,"27":3,"28":3,"29":3,"30":1,"31":1,"32":1,"33":2,"34":2,"35":2,"36":1,"37":1,"38":1,"39":1,"40":0,"41":1,"42":1,"43":1,"44":1,"45":0,"46":7,"47":7,"48":7,"49":7,"50":7,"51":1,"52":1},"f":{"0":3,"1":3,"2":7},"b":{"0":[0,3],"1":[3,0],"2":[0,0],"3":[1,2],"4":[1,0],"5":[2,0],"6":[1,1],"7":[1,0],"8":[1,0],"9":[1,0],"10":[1,1],"11":[1,0],"12":[1,1],"13":[1,0],"14":[1,1],"15":[1,0],"16":[1,1]}}
,"/Users/bhaveshchauhan/Developer/solulab_assignment/src/transactions/transactions.module.ts": {"path":"/Users/bhaveshchauhan/Developer/solulab_assignment/src/transactions/transactions.module.ts","statementMap":{"0":{"start":{"line":1,"column":0},"end":{"line":1,"column":40}},"1":{"start":{"line":2,"column":0},"end":{"line":2,"column":48}},"2":{"start":{"line":3,"column":0},"end":{"line":3,"column":60}},"3":{"start":{"line":4,"column":0},"end":{"line":4,"column":75}},"4":{"start":{"line":10,"column":7},"end":{"line":10,"column":null}},"5":{"start":{"line":10,"column":13},"end":{"line":10,"column":31}},"6":{"start":{"line":10,"column":13},"end":{"line":10,"column":null}}},"fnMap":{},"branchMap":{},"s":{"0":0,"1":0,"2":0,"3":0,"4":0,"5":0,"6":0},"f":{},"b":{}}
,"/Users/bhaveshchauhan/Developer/solulab_assignment/src/transactions/entities/transaction-history.entity.ts": {"path":"/Users/bhaveshchauhan/Developer/solulab_assignment/src/transactions/entities/transaction-history.entity.ts","statementMap":{"0":{"start":{"line":1,"column":0},"end":{"line":1,"column":106}},"1":{"start":{"line":2,"column":0},"end":{"line":2,"column":70}},"2":{"start":{"line":5,"column":7},"end":{"line":27,"column":null}},"3":{"start":{"line":5,"column":13},"end":{"line":5,"column":31}},"4":{"start":{"line":7,"column":2},"end":{"line":7,"column":null}},"5":{"start":{"line":10,"column":2},"end":{"line":10,"column":null}},"6":{"start":{"line":14,"column":2},"end":{"line":14,"column":null}},"7":{"start":{"line":12,"column":19},"end":{"line":12,"column":30}},"8":{"start":{"line":17,"column":2},"end":{"line":17,"column":null}},"9":{"start":{"line":20,"column":2},"end":{"line":20,"column":null}},"10":{"start":{"line":23,"column":2},"end":{"line":23,"column":null}},"11":{"start":{"line":26,"column":2},"end":{"line":26,"column":null}},"12":{"start":{"line":5,"column":13},"end":{"line":27,"column":null}}},"fnMap":{"0":{"name":"(anonymous_2)","decl":{"start":{"line":12,"column":13},"end":{"line":12,"column":16}},"loc":{"start":{"line":12,"column":19},"end":{"line":12,"column":30}}}},"branchMap":{"0":{"loc":{"start":{"line":14,"column":15},"end":{"line":14,"column":27}},"type":"cond-expr","locations":[{"start":{"line":14,"column":26},"end":{"line":14,"column":27}},{"start":{"line":14,"column":26},"end":{"line":14,"column":27}}]},"1":{"loc":{"start":{"line":14,"column":15},"end":{"line":14,"column":26}},"type":"binary-expr","locations":[{"start":{"line":14,"column":15},"end":{"line":14,"column":27}},{"start":{"line":14,"column":15},"end":{"line":14,"column":26}}]},"2":{"loc":{"start":{"line":17,"column":15},"end":{"line":17,"column":33}},"type":"cond-expr","locations":[{"start":{"line":17,"column":32},"end":{"line":17,"column":33}},{"start":{"line":17,"column":32},"end":{"line":17,"column":33}}]},"3":{"loc":{"start":{"line":17,"column":15},"end":{"line":17,"column":32}},"type":"binary-expr","locations":[{"start":{"line":17,"column":15},"end":{"line":17,"column":33}},{"start":{"line":17,"column":15},"end":{"line":17,"column":32}}]},"4":{"loc":{"start":{"line":20,"column":13},"end":{"line":20,"column":31}},"type":"cond-expr","locations":[{"start":{"line":20,"column":30},"end":{"line":20,"column":31}},{"start":{"line":20,"column":30},"end":{"line":20,"column":31}}]},"5":{"loc":{"start":{"line":20,"column":13},"end":{"line":20,"column":30}},"type":"binary-expr","locations":[{"start":{"line":20,"column":13},"end":{"line":20,"column":31}},{"start":{"line":20,"column":13},"end":{"line":20,"column":30}}]},"6":{"loc":{"start":{"line":26,"column":14},"end":{"line":26,"column":19}},"type":"cond-expr","locations":[{"start":{"line":26,"column":18},"end":{"line":26,"column":19}},{"start":{"line":26,"column":18},"end":{"line":26,"column":19}}]},"7":{"loc":{"start":{"line":26,"column":14},"end":{"line":26,"column":18}},"type":"binary-expr","locations":[{"start":{"line":26,"column":14},"end":{"line":26,"column":19}},{"start":{"line":26,"column":14},"end":{"line":26,"column":18}}]}},"s":{"0":1,"1":1,"2":1,"3":1,"4":1,"5":1,"6":1,"7":0,"8":1,"9":1,"10":1,"11":1,"12":1},"f":{"0":0},"b":{"0":[1,0],"1":[1,1],"2":[0,1],"3":[1,1],"4":[0,1],"5":[1,1],"6":[1,0],"7":[1,1]}}
,"/Users/bhaveshchauhan/Developer/solulab_assignment/src/transactions/entities/transaction.entity.ts": {"path":"/Users/bhaveshchauhan/Developer/solulab_assignment/src/transactions/entities/transaction.entity.ts","statementMap":{"0":{"start":{"line":1,"column":0},"end":{"line":1,"column":131}},"1":{"start":{"line":2,"column":0},"end":{"line":2,"column":56}},"2":{"start":{"line":3,"column":0},"end":{"line":3,"column":56}},"3":{"start":{"line":5,"column":0},"end":{"line":5,"column":null}},"4":{"start":{"line":6,"column":2},"end":{"line":6,"column":null}},"5":{"start":{"line":7,"column":2},"end":{"line":7,"column":null}},"6":{"start":{"line":8,"column":2},"end":{"line":8,"column":null}},"7":{"start":{"line":9,"column":2},"end":{"line":9,"column":null}},"8":{"start":{"line":10,"column":2},"end":{"line":10,"column":null}},"9":{"start":{"line":11,"column":2},"end":{"line":11,"column":null}},"10":{"start":{"line":15,"column":7},"end":{"line":67,"column":null}},"11":{"start":{"line":15,"column":13},"end":{"line":15,"column":24}},"12":{"start":{"line":17,"column":2},"end":{"line":17,"column":null}},"13":{"start":{"line":20,"column":2},"end":{"line":20,"column":null}},"14":{"start":{"line":24,"column":2},"end":{"line":24,"column":null}},"15":{"start":{"line":22,"column":19},"end":{"line":22,"column":23}},"16":{"start":{"line":27,"column":2},"end":{"line":27,"column":null}},"17":{"start":{"line":31,"column":2},"end":{"line":31,"column":null}},"18":{"start":{"line":29,"column":19},"end":{"line":29,"column":23}},"19":{"start":{"line":34,"column":2},"end":{"line":34,"column":null}},"20":{"start":{"line":37,"column":2},"end":{"line":37,"column":null}},"21":{"start":{"line":44,"column":2},"end":{"line":44,"column":null}},"22":{"start":{"line":48,"column":2},"end":{"line":48,"column":null}},"23":{"start":{"line":51,"column":2},"end":{"line":51,"column":null}},"24":{"start":{"line":54,"column":2},"end":{"line":54,"column":null}},"25":{"start":{"line":57,"column":2},"end":{"line":57,"column":null}},"26":{"start":{"line":60,"column":2},"end":{"line":60,"column":null}},"27":{"start":{"line":63,"column":2},"end":{"line":63,"column":null}},"28":{"start":{"line":66,"column":2},"end":{"line":66,"column":null}},"29":{"start":{"line":15,"column":13},"end":{"line":67,"column":null}}},"fnMap":{"0":{"name":"(anonymous_2)","decl":{"start":{"line":5,"column":0},"end":{"line":5,"column":12}},"loc":{"start":{"line":5,"column":29},"end":{"line":12,"column":1}}},"1":{"name":"(anonymous_3)","decl":{"start":{"line":22,"column":13},"end":{"line":22,"column":16}},"loc":{"start":{"line":22,"column":19},"end":{"line":22,"column":23}}},"2":{"name":"(anonymous_4)","decl":{"start":{"line":29,"column":13},"end":{"line":29,"column":16}},"loc":{"start":{"line":29,"column":19},"end":{"line":29,"column":23}}}},"branchMap":{"0":{"loc":{"start":{"line":5,"column":12},"end":{"line":5,"column":null}},"type":"binary-expr","locations":[{"start":{"line":5,"column":12},"end":{"line":5,"column":29}},{"start":{"line":5,"column":29},"end":{"line":5,"column":null}}]},"1":{"loc":{"start":{"line":24,"column":8},"end":{"line":24,"column":13}},"type":"cond-expr","locations":[{"start":{"line":24,"column":12},"end":{"line":24,"column":13}},{"start":{"line":24,"column":12},"end":{"line":24,"column":13}}]},"2":{"loc":{"start":{"line":24,"column":8},"end":{"line":24,"column":12}},"type":"binary-expr","locations":[{"start":{"line":24,"column":8},"end":{"line":24,"column":13}},{"start":{"line":24,"column":8},"end":{"line":24,"column":12}}]},"3":{"loc":{"start":{"line":31,"column":8},"end":{"line":31,"column":13}},"type":"cond-expr","locations":[{"start":{"line":31,"column":12},"end":{"line":31,"column":13}},{"start":{"line":31,"column":12},"end":{"line":31,"column":13}}]},"4":{"loc":{"start":{"line":31,"column":8},"end":{"line":31,"column":12}},"type":"binary-expr","locations":[{"start":{"line":31,"column":8},"end":{"line":31,"column":13}},{"start":{"line":31,"column":8},"end":{"line":31,"column":12}}]},"5":{"loc":{"start":{"line":63,"column":14},"end":{"line":63,"column":19}},"type":"cond-expr","locations":[{"start":{"line":63,"column":18},"end":{"line":63,"column":19}},{"start":{"line":63,"column":18},"end":{"line":63,"column":19}}]},"6":{"loc":{"start":{"line":63,"column":14},"end":{"line":63,"column":18}},"type":"binary-expr","locations":[{"start":{"line":63,"column":14},"end":{"line":63,"column":19}},{"start":{"line":63,"column":14},"end":{"line":63,"column":18}}]},"7":{"loc":{"start":{"line":66,"column":14},"end":{"line":66,"column":19}},"type":"cond-expr","locations":[{"start":{"line":66,"column":18},"end":{"line":66,"column":19}},{"start":{"line":66,"column":18},"end":{"line":66,"column":19}}]},"8":{"loc":{"start":{"line":66,"column":14},"end":{"line":66,"column":18}},"type":"binary-expr","locations":[{"start":{"line":66,"column":14},"end":{"line":66,"column":19}},{"start":{"line":66,"column":14},"end":{"line":66,"column":18}}]}},"s":{"0":1,"1":1,"2":1,"3":1,"4":1,"5":1,"6":1,"7":1,"8":1,"9":1,"10":1,"11":1,"12":1,"13":1,"14":1,"15":0,"16":1,"17":1,"18":0,"19":1,"20":1,"21":1,"22":1,"23":1,"24":1,"25":1,"26":1,"27":1,"28":1,"29":1},"f":{"0":1,"1":0,"2":0},"b":{"0":[1,1],"1":[1,0],"2":[1,1],"3":[1,0],"4":[1,1],"5":[1,0],"6":[1,1],"7":[1,0],"8":[1,1]}}
,"/Users/bhaveshchauhan/Developer/solulab_assignment/src/users/users.module.ts": {"path":"/Users/bhaveshchauhan/Developer/solulab_assignment/src/users/users.module.ts","statementMap":{"0":{"start":{"line":1,"column":0},"end":{"line":1,"column":40}},"1":{"start":{"line":2,"column":0},"end":{"line":2,"column":48}},"2":{"start":{"line":3,"column":0},"end":{"line":3,"column":47}},"3":{"start":{"line":4,"column":0},"end":{"line":4,"column":46}},"4":{"start":{"line":11,"column":7},"end":{"line":11,"column":null}},"5":{"start":{"line":11,"column":13},"end":{"line":11,"column":24}},"6":{"start":{"line":11,"column":13},"end":{"line":11,"column":null}}},"fnMap":{},"branchMap":{},"s":{"0":0,"1":0,"2":0,"3":0,"4":0,"5":0,"6":0},"f":{},"b":{}}
,"/Users/bhaveshchauhan/Developer/solulab_assignment/src/users/users.service.ts": {"path":"/Users/bhaveshchauhan/Developer/solulab_assignment/src/users/users.service.ts","statementMap":{"0":{"start":{"line":1,"column":0},"end":{"line":1,"column":63}},"1":{"start":{"line":2,"column":0},"end":{"line":2,"column":51}},"2":{"start":{"line":3,"column":0},"end":{"line":3,"column":37}},"3":{"start":{"line":4,"column":0},"end":{"line":4,"column":46}},"4":{"start":{"line":7,"column":7},"end":{"line":30,"column":null}},"5":{"start":{"line":10,"column":12},"end":{"line":10,"column":29}},"6":{"start":{"line":14,"column":25},"end":{"line":14,"column":54}},"7":{"start":{"line":15,"column":4},"end":{"line":17,"column":5}},"8":{"start":{"line":16,"column":6},"end":{"line":16,"column":58}},"9":{"start":{"line":19,"column":17},"end":{"line":19,"column":70}},"10":{"start":{"line":20,"column":4},"end":{"line":20,"column":43}},"11":{"start":{"line":24,"column":4},"end":{"line":24,"column":62}},"12":{"start":{"line":28,"column":4},"end":{"line":28,"column":59}},"13":{"start":{"line":7,"column":13},"end":{"line":7,"column":25}},"14":{"start":{"line":7,"column":13},"end":{"line":30,"column":null}}},"fnMap":{"0":{"name":"(anonymous_4)","decl":{"start":{"line":8,"column":2},"end":{"line":8,"column":null}},"loc":{"start":{"line":10,"column":45},"end":{"line":11,"column":6}}},"1":{"name":"(anonymous_5)","decl":{"start":{"line":13,"column":2},"end":{"line":13,"column":7}},"loc":{"start":{"line":13,"column":51},"end":{"line":21,"column":3}}},"2":{"name":"(anonymous_6)","decl":{"start":{"line":23,"column":2},"end":{"line":23,"column":7}},"loc":{"start":{"line":23,"column":33},"end":{"line":25,"column":3}}},"3":{"name":"(anonymous_7)","decl":{"start":{"line":27,"column":2},"end":{"line":27,"column":7}},"loc":{"start":{"line":27,"column":27},"end":{"line":29,"column":3}}}},"branchMap":{"0":{"loc":{"start":{"line":15,"column":4},"end":{"line":17,"column":5}},"type":"if","locations":[{"start":{"line":15,"column":4},"end":{"line":17,"column":5}},{"start":{},"end":{}}]},"1":{"loc":{"start":{"line":10,"column":29},"end":{"line":10,"column":45}},"type":"cond-expr","locations":[{"start":{"line":10,"column":39},"end":{"line":10,"column":45}},{"start":{"line":10,"column":39},"end":{"line":10,"column":45}}]},"2":{"loc":{"start":{"line":10,"column":29},"end":{"line":10,"column":39}},"type":"binary-expr","locations":[{"start":{"line":10,"column":29},"end":{"line":10,"column":45}},{"start":{"line":10,"column":29},"end":{"line":10,"column":39}}]}},"s":{"0":0,"1":0,"2":0,"3":0,"4":0,"5":0,"6":0,"7":0,"8":0,"9":0,"10":0,"11":0,"12":0,"13":0,"14":0},"f":{"0":0,"1":0,"2":0,"3":0},"b":{"0":[0,0],"1":[0,0],"2":[0,0]}}
,"/Users/bhaveshchauhan/Developer/solulab_assignment/src/users/entities/user.entity.ts": {"path":"/Users/bhaveshchauhan/Developer/solulab_assignment/src/users/entities/user.entity.ts","statementMap":{"0":{"start":{"line":1,"column":0},"end":{"line":1,"column":101}},"1":{"start":{"line":4,"column":7},"end":{"line":19,"column":null}},"2":{"start":{"line":4,"column":13},"end":{"line":4,"column":17}},"3":{"start":{"line":6,"column":2},"end":{"line":6,"column":null}},"4":{"start":{"line":9,"column":2},"end":{"line":9,"column":null}},"5":{"start":{"line":12,"column":2},"end":{"line":12,"column":null}},"6":{"start":{"line":15,"column":2},"end":{"line":15,"column":null}},"7":{"start":{"line":18,"column":2},"end":{"line":18,"column":null}},"8":{"start":{"line":4,"column":13},"end":{"line":19,"column":null}}},"fnMap":{},"branchMap":{"0":{"loc":{"start":{"line":15,"column":14},"end":{"line":15,"column":19}},"type":"cond-expr","locations":[{"start":{"line":15,"column":18},"end":{"line":15,"column":19}},{"start":{"line":15,"column":18},"end":{"line":15,"column":19}}]},"1":{"loc":{"start":{"line":15,"column":14},"end":{"line":15,"column":18}},"type":"binary-expr","locations":[{"start":{"line":15,"column":14},"end":{"line":15,"column":19}},{"start":{"line":15,"column":14},"end":{"line":15,"column":18}}]},"2":{"loc":{"start":{"line":18,"column":14},"end":{"line":18,"column":19}},"type":"cond-expr","locations":[{"start":{"line":18,"column":18},"end":{"line":18,"column":19}},{"start":{"line":18,"column":18},"end":{"line":18,"column":19}}]},"3":{"loc":{"start":{"line":18,"column":14},"end":{"line":18,"column":18}},"type":"binary-expr","locations":[{"start":{"line":18,"column":14},"end":{"line":18,"column":19}},{"start":{"line":18,"column":14},"end":{"line":18,"column":18}}]}},"s":{"0":2,"1":2,"2":2,"3":2,"4":2,"5":2,"6":2,"7":2,"8":2},"f":{},"b":{"0":[2,0],"1":[2,2],"2":[2,0],"3":[2,2]}}
}
